<?xml version="1.0" encoding="UTF-8"?>
<!-- Generated by org.testng.reporters.JUnitReportReporter -->
<testsuite skipped="0" hostname="DESKTOP-8UHEQJE" name="com.careerhack.common.TestNGPractice" tests="1" failures="0" timestamp="31 Aug 2020 16:56:07 GMT" time="0.200" errors="0">
  <testcase name="Actual" time="0.200" classname="com.careerhack.common.TestNGPractice"/>
</testsuite> <!-- com.careerhack.common.TestNGPractice -->
